<!DOCTYPE HTML PUBLIC "-//W3C//DTD HTML 4.01 Transitional//EN" "http://www.w3.org/TR/html4/loose.dtd">
<html>
<head>
<title>Log4J Log Messages</title>
<style type="text/css">
<!--
body, table {font-family: arial,sans-serif; font-size: x-small;}
th {background: #336699; color: #FFFFFF; text-align: left;}
-->
</style>
</head>
<body bgcolor="#FFFFFF" topmargin="6" leftmargin="6">
<hr size="1" noshade>
Log session start time Tue Oct 18 22:03:15 CST 2016<br>
<br>
<table cellspacing="0" cellpadding="4" border="1" bordercolor="#224466" width="100%">
<tr>
<th>Time</th>
<th>Thread</th>
<th>Level</th>
<th>Category</th>
<th>Message</th>
</tr>

<tr>
<td>0</td>
<td title="main thread">main</td>
<td title="Level"><font color="#339933">DEBUG</font></td>
<td title="org.apache.http.impl.conn.BasicClientConnectionManager category">org.apache.http.impl.conn.BasicClientConnectionManager</td>
<td title="Message">Get connection for route {}-&gt;http://sendcloud.sohu.com</td>
</tr>

<tr>
<td>63</td>
<td title="main thread">main</td>
<td title="Level"><font color="#339933">DEBUG</font></td>
<td title="org.apache.http.impl.conn.DefaultClientConnectionOperator category">org.apache.http.impl.conn.DefaultClientConnectionOperator</td>
<td title="Message">Connecting to sendcloud.sohu.com:80</td>
</tr>

<tr>
<td>140</td>
<td title="main thread">main</td>
<td title="Level"><font color="#339933">DEBUG</font></td>
<td title="org.apache.http.client.protocol.RequestAddCookies category">org.apache.http.client.protocol.RequestAddCookies</td>
<td title="Message">CookieSpec selected: best-match</td>
</tr>

<tr>
<td>161</td>
<td title="main thread">main</td>
<td title="Level"><font color="#339933">DEBUG</font></td>
<td title="org.apache.http.client.protocol.RequestAuthCache category">org.apache.http.client.protocol.RequestAuthCache</td>
<td title="Message">Auth cache not set in the context</td>
</tr>

<tr>
<td>162</td>
<td title="main thread">main</td>
<td title="Level"><font color="#339933">DEBUG</font></td>
<td title="org.apache.http.client.protocol.RequestTargetAuthentication category">org.apache.http.client.protocol.RequestTargetAuthentication</td>
<td title="Message">Target auth state: UNCHALLENGED</td>
</tr>

<tr>
<td>163</td>
<td title="main thread">main</td>
<td title="Level"><font color="#339933">DEBUG</font></td>
<td title="org.apache.http.client.protocol.RequestProxyAuthentication category">org.apache.http.client.protocol.RequestProxyAuthentication</td>
<td title="Message">Proxy auth state: UNCHALLENGED</td>
</tr>

<tr>
<td>164</td>
<td title="main thread">main</td>
<td title="Level"><font color="#339933">DEBUG</font></td>
<td title="org.apache.http.impl.client.DefaultHttpClient category">org.apache.http.impl.client.DefaultHttpClient</td>
<td title="Message">Attempt 1 to execute request</td>
</tr>

<tr>
<td>164</td>
<td title="main thread">main</td>
<td title="Level"><font color="#339933">DEBUG</font></td>
<td title="org.apache.http.impl.conn.DefaultClientConnection category">org.apache.http.impl.conn.DefaultClientConnection</td>
<td title="Message">Sending request: POST /webapi/mail.send.json HTTP/1.1</td>
</tr>

<tr>
<td>165</td>
<td title="main thread">main</td>
<td title="Level"><font color="#339933">DEBUG</font></td>
<td title="org.apache.http.wire category">org.apache.http.wire</td>
<td title="Message"> &gt;&gt; &quot;POST /webapi/mail.send.json HTTP/1.1[\r][\n]&quot;</td>
</tr>

<tr>
<td>167</td>
<td title="main thread">main</td>
<td title="Level"><font color="#339933">DEBUG</font></td>
<td title="org.apache.http.wire category">org.apache.http.wire</td>
<td title="Message"> &gt;&gt; &quot;Content-Length: 617[\r][\n]&quot;</td>
</tr>

<tr>
<td>168</td>
<td title="main thread">main</td>
<td title="Level"><font color="#339933">DEBUG</font></td>
<td title="org.apache.http.wire category">org.apache.http.wire</td>
<td title="Message"> &gt;&gt; &quot;Content-Type: application/x-www-form-urlencoded; charset=UTF-8[\r][\n]&quot;</td>
</tr>

<tr>
<td>168</td>
<td title="main thread">main</td>
<td title="Level"><font color="#339933">DEBUG</font></td>
<td title="org.apache.http.wire category">org.apache.http.wire</td>
<td title="Message"> &gt;&gt; &quot;Host: sendcloud.sohu.com[\r][\n]&quot;</td>
</tr>

<tr>
<td>168</td>
<td title="main thread">main</td>
<td title="Level"><font color="#339933">DEBUG</font></td>
<td title="org.apache.http.wire category">org.apache.http.wire</td>
<td title="Message"> &gt;&gt; &quot;Connection: Keep-Alive[\r][\n]&quot;</td>
</tr>

<tr>
<td>168</td>
<td title="main thread">main</td>
<td title="Level"><font color="#339933">DEBUG</font></td>
<td title="org.apache.http.wire category">org.apache.http.wire</td>
<td title="Message"> &gt;&gt; &quot;User-Agent: Apache-HttpClient/4.3.1 (java 1.5)[\r][\n]&quot;</td>
</tr>

<tr>
<td>169</td>
<td title="main thread">main</td>
<td title="Level"><font color="#339933">DEBUG</font></td>
<td title="org.apache.http.wire category">org.apache.http.wire</td>
<td title="Message"> &gt;&gt; &quot;[\r][\n]&quot;</td>
</tr>

<tr>
<td>169</td>
<td title="main thread">main</td>
<td title="Level"><font color="#339933">DEBUG</font></td>
<td title="org.apache.http.headers category">org.apache.http.headers</td>
<td title="Message">&gt;&gt; POST /webapi/mail.send.json HTTP/1.1</td>
</tr>

<tr>
<td>170</td>
<td title="main thread">main</td>
<td title="Level"><font color="#339933">DEBUG</font></td>
<td title="org.apache.http.headers category">org.apache.http.headers</td>
<td title="Message">&gt;&gt; Content-Length: 617</td>
</tr>

<tr>
<td>170</td>
<td title="main thread">main</td>
<td title="Level"><font color="#339933">DEBUG</font></td>
<td title="org.apache.http.headers category">org.apache.http.headers</td>
<td title="Message">&gt;&gt; Content-Type: application/x-www-form-urlencoded; charset=UTF-8</td>
</tr>

<tr>
<td>171</td>
<td title="main thread">main</td>
<td title="Level"><font color="#339933">DEBUG</font></td>
<td title="org.apache.http.headers category">org.apache.http.headers</td>
<td title="Message">&gt;&gt; Host: sendcloud.sohu.com</td>
</tr>

<tr>
<td>172</td>
<td title="main thread">main</td>
<td title="Level"><font color="#339933">DEBUG</font></td>
<td title="org.apache.http.headers category">org.apache.http.headers</td>
<td title="Message">&gt;&gt; Connection: Keep-Alive</td>
</tr>

<tr>
<td>172</td>
<td title="main thread">main</td>
<td title="Level"><font color="#339933">DEBUG</font></td>
<td title="org.apache.http.headers category">org.apache.http.headers</td>
<td title="Message">&gt;&gt; User-Agent: Apache-HttpClient/4.3.1 (java 1.5)</td>
</tr>

<tr>
<td>173</td>
<td title="main thread">main</td>
<td title="Level"><font color="#339933">DEBUG</font></td>
<td title="org.apache.http.wire category">org.apache.http.wire</td>
<td title="Message"> &gt;&gt; &quot;api_user=LINhunger_test_wSjmFq&amp;api_key=hnSlC9YBquMJccGs&amp;from=service%40sendcloud.im&amp;fromname=&amp;to=466400960%40qq.com&amp;subject=%E6%9D%A5%E8%87%AASendCloud%E7%9A%84%E7%AC%AC%E4%B8%80%E5%B0%81%E9%82%AE%E4%BB%B6%EF%BC%81&amp;html=%E4%BD%A0%E5%A4%AA%E6%A3%92%E4%BA%86%EF%BC%81%E4%BD%A0%E5%B7%B2%E6%88%90%E5%8A%9F%E7%9A%84%E4%BB%8ESendCloud%E5%8F%91%E9%80%81%E4%BA%86%E4%B8%80%E5%B0%81%E6%B5%8B%E8%AF%95%E9%82%AE%E4%BB%B6%EF%BC%8C%E6%8E%A5%E4%B8%8B%E6%9D%A5%E5%BF%AB%E7%99%BB%E5%BD%95%E5%89%8D%E5%8F%B0%E5%8E%BB%E5%AE%8C%E5%96%84%E8%B4%A6%E6%88%B7%E4%BF%A1%E6%81%AF%E5%90%A7%EF%BC%81%E6%9E%97%E7%AB%B9%E7%AB%BF&amp;resp_email_id=true&quot;</td>
</tr>

<tr>
<td>266</td>
<td title="main thread">main</td>
<td title="Level"><font color="#339933">DEBUG</font></td>
<td title="org.apache.http.wire category">org.apache.http.wire</td>
<td title="Message"> &lt;&lt; &quot;HTTP/1.1 200 OK[\r][\n]&quot;</td>
</tr>

<tr>
<td>269</td>
<td title="main thread">main</td>
<td title="Level"><font color="#339933">DEBUG</font></td>
<td title="org.apache.http.wire category">org.apache.http.wire</td>
<td title="Message"> &lt;&lt; &quot;Server: nginx/1.6.3[\r][\n]&quot;</td>
</tr>

<tr>
<td>270</td>
<td title="main thread">main</td>
<td title="Level"><font color="#339933">DEBUG</font></td>
<td title="org.apache.http.wire category">org.apache.http.wire</td>
<td title="Message"> &lt;&lt; &quot;Date: Tue, 18 Oct 2016 14:03:17 GMT[\r][\n]&quot;</td>
</tr>

<tr>
<td>270</td>
<td title="main thread">main</td>
<td title="Level"><font color="#339933">DEBUG</font></td>
<td title="org.apache.http.wire category">org.apache.http.wire</td>
<td title="Message"> &lt;&lt; &quot;Content-Type: application/json;charset=UTF-8[\r][\n]&quot;</td>
</tr>

<tr>
<td>271</td>
<td title="main thread">main</td>
<td title="Level"><font color="#339933">DEBUG</font></td>
<td title="org.apache.http.wire category">org.apache.http.wire</td>
<td title="Message"> &lt;&lt; &quot;Transfer-Encoding: chunked[\r][\n]&quot;</td>
</tr>

<tr>
<td>271</td>
<td title="main thread">main</td>
<td title="Level"><font color="#339933">DEBUG</font></td>
<td title="org.apache.http.wire category">org.apache.http.wire</td>
<td title="Message"> &lt;&lt; &quot;Access-Control-Allow-Origin: *[\r][\n]&quot;</td>
</tr>

<tr>
<td>271</td>
<td title="main thread">main</td>
<td title="Level"><font color="#339933">DEBUG</font></td>
<td title="org.apache.http.wire category">org.apache.http.wire</td>
<td title="Message"> &lt;&lt; &quot;[\r][\n]&quot;</td>
</tr>

<tr>
<td>272</td>
<td title="main thread">main</td>
<td title="Level"><font color="#339933">DEBUG</font></td>
<td title="org.apache.http.impl.conn.DefaultClientConnection category">org.apache.http.impl.conn.DefaultClientConnection</td>
<td title="Message">Receiving response: HTTP/1.1 200 OK</td>
</tr>

<tr>
<td>273</td>
<td title="main thread">main</td>
<td title="Level"><font color="#339933">DEBUG</font></td>
<td title="org.apache.http.headers category">org.apache.http.headers</td>
<td title="Message">&lt;&lt; HTTP/1.1 200 OK</td>
</tr>

<tr>
<td>273</td>
<td title="main thread">main</td>
<td title="Level"><font color="#339933">DEBUG</font></td>
<td title="org.apache.http.headers category">org.apache.http.headers</td>
<td title="Message">&lt;&lt; Server: nginx/1.6.3</td>
</tr>

<tr>
<td>273</td>
<td title="main thread">main</td>
<td title="Level"><font color="#339933">DEBUG</font></td>
<td title="org.apache.http.headers category">org.apache.http.headers</td>
<td title="Message">&lt;&lt; Date: Tue, 18 Oct 2016 14:03:17 GMT</td>
</tr>

<tr>
<td>273</td>
<td title="main thread">main</td>
<td title="Level"><font color="#339933">DEBUG</font></td>
<td title="org.apache.http.headers category">org.apache.http.headers</td>
<td title="Message">&lt;&lt; Content-Type: application/json;charset=UTF-8</td>
</tr>

<tr>
<td>273</td>
<td title="main thread">main</td>
<td title="Level"><font color="#339933">DEBUG</font></td>
<td title="org.apache.http.headers category">org.apache.http.headers</td>
<td title="Message">&lt;&lt; Transfer-Encoding: chunked</td>
</tr>

<tr>
<td>274</td>
<td title="main thread">main</td>
<td title="Level"><font color="#339933">DEBUG</font></td>
<td title="org.apache.http.headers category">org.apache.http.headers</td>
<td title="Message">&lt;&lt; Access-Control-Allow-Origin: *</td>
</tr>

<tr>
<td>279</td>
<td title="main thread">main</td>
<td title="Level"><font color="#339933">DEBUG</font></td>
<td title="org.apache.http.impl.client.DefaultHttpClient category">org.apache.http.impl.client.DefaultHttpClient</td>
<td title="Message">Connection can be kept alive indefinitely</td>
</tr>

<tr>
<td>293</td>
<td title="main thread">main</td>
<td title="Level"><font color="#339933">DEBUG</font></td>
<td title="org.apache.http.wire category">org.apache.http.wire</td>
<td title="Message"> &lt;&lt; &quot;71[\r][\n]&quot;</td>
</tr>

<tr>
<td>294</td>
<td title="main thread">main</td>
<td title="Level"><font color="#339933">DEBUG</font></td>
<td title="org.apache.http.wire category">org.apache.http.wire</td>
<td title="Message"> &lt;&lt; &quot;{&quot;message&quot;:&quot;success&quot;,&quot;email_id_list&quot;:[&quot;1476799397365_57486_23964_3041.sc-10_9_13_213-inbound0$466400960@qq.com&quot;]}&quot;</td>
</tr>

<tr>
<td>294</td>
<td title="main thread">main</td>
<td title="Level"><font color="#339933">DEBUG</font></td>
<td title="org.apache.http.wire category">org.apache.http.wire</td>
<td title="Message"> &lt;&lt; &quot;[\r][\n]&quot;</td>
</tr>

<tr>
<td>294</td>
<td title="main thread">main</td>
<td title="Level"><font color="#339933">DEBUG</font></td>
<td title="org.apache.http.wire category">org.apache.http.wire</td>
<td title="Message"> &lt;&lt; &quot;0[\r][\n]&quot;</td>
</tr>

<tr>
<td>294</td>
<td title="main thread">main</td>
<td title="Level"><font color="#339933">DEBUG</font></td>
<td title="org.apache.http.wire category">org.apache.http.wire</td>
<td title="Message"> &lt;&lt; &quot;[\r][\n]&quot;</td>
</tr>

<tr>
<td>295</td>
<td title="main thread">main</td>
<td title="Level"><font color="#339933">DEBUG</font></td>
<td title="org.apache.http.impl.conn.BasicClientConnectionManager category">org.apache.http.impl.conn.BasicClientConnectionManager</td>
<td title="Message">Releasing connection org.apache.http.impl.conn.ManagedClientConnectionImpl@52a86356</td>
</tr>

<tr>
<td>295</td>
<td title="main thread">main</td>
<td title="Level"><font color="#339933">DEBUG</font></td>
<td title="org.apache.http.impl.conn.BasicClientConnectionManager category">org.apache.http.impl.conn.BasicClientConnectionManager</td>
<td title="Message">Connection can be kept alive indefinitely</td>
</tr>
<!DOCTYPE HTML PUBLIC "-//W3C//DTD HTML 4.01 Transitional//EN" "http://www.w3.org/TR/html4/loose.dtd">
<html>
<head>
<title>Log4J Log Messages</title>
<style type="text/css">
<!--
body, table {font-family: arial,sans-serif; font-size: x-small;}
th {background: #336699; color: #FFFFFF; text-align: left;}
-->
</style>
</head>
<body bgcolor="#FFFFFF" topmargin="6" leftmargin="6">
<hr size="1" noshade>
Log session start time Tue Oct 18 22:12:11 CST 2016<br>
<br>
<table cellspacing="0" cellpadding="4" border="1" bordercolor="#224466" width="100%">
<tr>
<th>Time</th>
<th>Thread</th>
<th>Level</th>
<th>Category</th>
<th>Message</th>
</tr>

<tr>
<td>0</td>
<td title="main thread">main</td>
<td title="Level"><font color="#339933">DEBUG</font></td>
<td title="org.apache.http.impl.conn.BasicClientConnectionManager category">org.apache.http.impl.conn.BasicClientConnectionManager</td>
<td title="Message">Get connection for route {}-&gt;http://sendcloud.sohu.com</td>
</tr>

<tr>
<td>58</td>
<td title="main thread">main</td>
<td title="Level"><font color="#339933">DEBUG</font></td>
<td title="org.apache.http.impl.conn.DefaultClientConnectionOperator category">org.apache.http.impl.conn.DefaultClientConnectionOperator</td>
<td title="Message">Connecting to sendcloud.sohu.com:80</td>
</tr>

<tr>
<td>125</td>
<td title="main thread">main</td>
<td title="Level"><font color="#339933">DEBUG</font></td>
<td title="org.apache.http.client.protocol.RequestAddCookies category">org.apache.http.client.protocol.RequestAddCookies</td>
<td title="Message">CookieSpec selected: best-match</td>
</tr>

<tr>
<td>138</td>
<td title="main thread">main</td>
<td title="Level"><font color="#339933">DEBUG</font></td>
<td title="org.apache.http.client.protocol.RequestAuthCache category">org.apache.http.client.protocol.RequestAuthCache</td>
<td title="Message">Auth cache not set in the context</td>
</tr>

<tr>
<td>138</td>
<td title="main thread">main</td>
<td title="Level"><font color="#339933">DEBUG</font></td>
<td title="org.apache.http.client.protocol.RequestTargetAuthentication category">org.apache.http.client.protocol.RequestTargetAuthentication</td>
<td title="Message">Target auth state: UNCHALLENGED</td>
</tr>

<tr>
<td>139</td>
<td title="main thread">main</td>
<td title="Level"><font color="#339933">DEBUG</font></td>
<td title="org.apache.http.client.protocol.RequestProxyAuthentication category">org.apache.http.client.protocol.RequestProxyAuthentication</td>
<td title="Message">Proxy auth state: UNCHALLENGED</td>
</tr>

<tr>
<td>140</td>
<td title="main thread">main</td>
<td title="Level"><font color="#339933">DEBUG</font></td>
<td title="org.apache.http.impl.client.DefaultHttpClient category">org.apache.http.impl.client.DefaultHttpClient</td>
<td title="Message">Attempt 1 to execute request</td>
</tr>

<tr>
<td>140</td>
<td title="main thread">main</td>
<td title="Level"><font color="#339933">DEBUG</font></td>
<td title="org.apache.http.impl.conn.DefaultClientConnection category">org.apache.http.impl.conn.DefaultClientConnection</td>
<td title="Message">Sending request: POST /webapi/mail.send.json HTTP/1.1</td>
</tr>

<tr>
<td>141</td>
<td title="main thread">main</td>
<td title="Level"><font color="#339933">DEBUG</font></td>
<td title="org.apache.http.wire category">org.apache.http.wire</td>
<td title="Message"> &gt;&gt; &quot;POST /webapi/mail.send.json HTTP/1.1[\r][\n]&quot;</td>
</tr>

<tr>
<td>143</td>
<td title="main thread">main</td>
<td title="Level"><font color="#339933">DEBUG</font></td>
<td title="org.apache.http.wire category">org.apache.http.wire</td>
<td title="Message"> &gt;&gt; &quot;Content-Length: 806[\r][\n]&quot;</td>
</tr>

<tr>
<td>143</td>
<td title="main thread">main</td>
<td title="Level"><font color="#339933">DEBUG</font></td>
<td title="org.apache.http.wire category">org.apache.http.wire</td>
<td title="Message"> &gt;&gt; &quot;Content-Type: application/x-www-form-urlencoded; charset=UTF-8[\r][\n]&quot;</td>
</tr>

<tr>
<td>144</td>
<td title="main thread">main</td>
<td title="Level"><font color="#339933">DEBUG</font></td>
<td title="org.apache.http.wire category">org.apache.http.wire</td>
<td title="Message"> &gt;&gt; &quot;Host: sendcloud.sohu.com[\r][\n]&quot;</td>
</tr>

<tr>
<td>144</td>
<td title="main thread">main</td>
<td title="Level"><font color="#339933">DEBUG</font></td>
<td title="org.apache.http.wire category">org.apache.http.wire</td>
<td title="Message"> &gt;&gt; &quot;Connection: Keep-Alive[\r][\n]&quot;</td>
</tr>

<tr>
<td>144</td>
<td title="main thread">main</td>
<td title="Level"><font color="#339933">DEBUG</font></td>
<td title="org.apache.http.wire category">org.apache.http.wire</td>
<td title="Message"> &gt;&gt; &quot;User-Agent: Apache-HttpClient/4.3.1 (java 1.5)[\r][\n]&quot;</td>
</tr>

<tr>
<td>144</td>
<td title="main thread">main</td>
<td title="Level"><font color="#339933">DEBUG</font></td>
<td title="org.apache.http.wire category">org.apache.http.wire</td>
<td title="Message"> &gt;&gt; &quot;[\r][\n]&quot;</td>
</tr>

<tr>
<td>145</td>
<td title="main thread">main</td>
<td title="Level"><font color="#339933">DEBUG</font></td>
<td title="org.apache.http.headers category">org.apache.http.headers</td>
<td title="Message">&gt;&gt; POST /webapi/mail.send.json HTTP/1.1</td>
</tr>

<tr>
<td>146</td>
<td title="main thread">main</td>
<td title="Level"><font color="#339933">DEBUG</font></td>
<td title="org.apache.http.headers category">org.apache.http.headers</td>
<td title="Message">&gt;&gt; Content-Length: 806</td>
</tr>

<tr>
<td>146</td>
<td title="main thread">main</td>
<td title="Level"><font color="#339933">DEBUG</font></td>
<td title="org.apache.http.headers category">org.apache.http.headers</td>
<td title="Message">&gt;&gt; Content-Type: application/x-www-form-urlencoded; charset=UTF-8</td>
</tr>

<tr>
<td>147</td>
<td title="main thread">main</td>
<td title="Level"><font color="#339933">DEBUG</font></td>
<td title="org.apache.http.headers category">org.apache.http.headers</td>
<td title="Message">&gt;&gt; Host: sendcloud.sohu.com</td>
</tr>

<tr>
<td>147</td>
<td title="main thread">main</td>
<td title="Level"><font color="#339933">DEBUG</font></td>
<td title="org.apache.http.headers category">org.apache.http.headers</td>
<td title="Message">&gt;&gt; Connection: Keep-Alive</td>
</tr>

<tr>
<td>147</td>
<td title="main thread">main</td>
<td title="Level"><font color="#339933">DEBUG</font></td>
<td title="org.apache.http.headers category">org.apache.http.headers</td>
<td title="Message">&gt;&gt; User-Agent: Apache-HttpClient/4.3.1 (java 1.5)</td>
</tr>

<tr>
<td>148</td>
<td title="main thread">main</td>
<td title="Level"><font color="#339933">DEBUG</font></td>
<td title="org.apache.http.wire category">org.apache.http.wire</td>
<td title="Message"> &gt;&gt; &quot;api_user=LINhunger_test_wSjmFq&amp;api_key=hnSlC9YBquMJccGs&amp;from=service%40sendcloud.im&amp;fromname=&amp;to=466400960%40qq.com&amp;subject=%E6%9D%A5%E8%87%AA%E5%A5%BD%E8%83%96%E5%8F%8B%E6%9E%97%E5%AF%92%E6%88%88%E7%9A%84%E9%82%80%E8%AF%B7%EF%BC%81&amp;html=%E7%9C%9F%E7%9A%84%E5%A4%AA%E6%A3%92%E4%BA%86%EF%BC%81%E8%83%BD%E8%AE%A9%E8%87%AA%E5%B7%B1%E7%9A%84%E5%A5%BD%E6%9C%8B%E5%8F%8B%E6%AC%A3%E8%B5%8F%E8%87%AA%E5%B7%B1%E7%9A%84%E4%BD%9C%E5%93%81%EF%BC%8C%E5%B0%8F%E6%88%88%E5%90%8C%E5%AD%A6%E7%9C%9F%E7%9A%84%E6%84%9F%E5%88%B0%E5%BE%88%E5%BC%80%E5%BF%83%EF%BC%8C%E6%8E%A5%E4%B8%8B%E6%9D%A5%E5%BF%AB%E7%99%BB%E5%BD%95%E5%89%8D%E5%8F%B0%E5%8E%BB%E5%AE%8C%E5%96%84%E8%B4%A6%E6%88%B7%E4%BF%A1%E6%81%AF%EF%BC%81%E6%9D%A5%E7%9C%8B%E6%88%91%E7%9A%84%E6%88%90%E6%9E%9C%E5%90%A7%EF%BC%8C%E5%93%87%E5%93%88%E5%93%88&amp;resp_email_id=true&quot;</td>
</tr>

<tr>
<td>237</td>
<td title="main thread">main</td>
<td title="Level"><font color="#339933">DEBUG</font></td>
<td title="org.apache.http.wire category">org.apache.http.wire</td>
<td title="Message"> &lt;&lt; &quot;HTTP/1.1 200 OK[\r][\n]&quot;</td>
</tr>

<tr>
<td>241</td>
<td title="main thread">main</td>
<td title="Level"><font color="#339933">DEBUG</font></td>
<td title="org.apache.http.wire category">org.apache.http.wire</td>
<td title="Message"> &lt;&lt; &quot;Server: nginx/1.6.3[\r][\n]&quot;</td>
</tr>

<tr>
<td>241</td>
<td title="main thread">main</td>
<td title="Level"><font color="#339933">DEBUG</font></td>
<td title="org.apache.http.wire category">org.apache.http.wire</td>
<td title="Message"> &lt;&lt; &quot;Date: Tue, 18 Oct 2016 14:12:13 GMT[\r][\n]&quot;</td>
</tr>

<tr>
<td>241</td>
<td title="main thread">main</td>
<td title="Level"><font color="#339933">DEBUG</font></td>
<td title="org.apache.http.wire category">org.apache.http.wire</td>
<td title="Message"> &lt;&lt; &quot;Content-Type: application/json;charset=UTF-8[\r][\n]&quot;</td>
</tr>

<tr>
<td>242</td>
<td title="main thread">main</td>
<td title="Level"><font color="#339933">DEBUG</font></td>
<td title="org.apache.http.wire category">org.apache.http.wire</td>
<td title="Message"> &lt;&lt; &quot;Transfer-Encoding: chunked[\r][\n]&quot;</td>
</tr>

<tr>
<td>242</td>
<td title="main thread">main</td>
<td title="Level"><font color="#339933">DEBUG</font></td>
<td title="org.apache.http.wire category">org.apache.http.wire</td>
<td title="Message"> &lt;&lt; &quot;Access-Control-Allow-Origin: *[\r][\n]&quot;</td>
</tr>

<tr>
<td>243</td>
<td title="main thread">main</td>
<td title="Level"><font color="#339933">DEBUG</font></td>
<td title="org.apache.http.wire category">org.apache.http.wire</td>
<td title="Message"> &lt;&lt; &quot;[\r][\n]&quot;</td>
</tr>

<tr>
<td>244</td>
<td title="main thread">main</td>
<td title="Level"><font color="#339933">DEBUG</font></td>
<td title="org.apache.http.impl.conn.DefaultClientConnection category">org.apache.http.impl.conn.DefaultClientConnection</td>
<td title="Message">Receiving response: HTTP/1.1 200 OK</td>
</tr>

<tr>
<td>245</td>
<td title="main thread">main</td>
<td title="Level"><font color="#339933">DEBUG</font></td>
<td title="org.apache.http.headers category">org.apache.http.headers</td>
<td title="Message">&lt;&lt; HTTP/1.1 200 OK</td>
</tr>

<tr>
<td>245</td>
<td title="main thread">main</td>
<td title="Level"><font color="#339933">DEBUG</font></td>
<td title="org.apache.http.headers category">org.apache.http.headers</td>
<td title="Message">&lt;&lt; Server: nginx/1.6.3</td>
</tr>

<tr>
<td>245</td>
<td title="main thread">main</td>
<td title="Level"><font color="#339933">DEBUG</font></td>
<td title="org.apache.http.headers category">org.apache.http.headers</td>
<td title="Message">&lt;&lt; Date: Tue, 18 Oct 2016 14:12:13 GMT</td>
</tr>

<tr>
<td>245</td>
<td title="main thread">main</td>
<td title="Level"><font color="#339933">DEBUG</font></td>
<td title="org.apache.http.headers category">org.apache.http.headers</td>
<td title="Message">&lt;&lt; Content-Type: application/json;charset=UTF-8</td>
</tr>

<tr>
<td>246</td>
<td title="main thread">main</td>
<td title="Level"><font color="#339933">DEBUG</font></td>
<td title="org.apache.http.headers category">org.apache.http.headers</td>
<td title="Message">&lt;&lt; Transfer-Encoding: chunked</td>
</tr>

<tr>
<td>246</td>
<td title="main thread">main</td>
<td title="Level"><font color="#339933">DEBUG</font></td>
<td title="org.apache.http.headers category">org.apache.http.headers</td>
<td title="Message">&lt;&lt; Access-Control-Allow-Origin: *</td>
</tr>

<tr>
<td>251</td>
<td title="main thread">main</td>
<td title="Level"><font color="#339933">DEBUG</font></td>
<td title="org.apache.http.impl.client.DefaultHttpClient category">org.apache.http.impl.client.DefaultHttpClient</td>
<td title="Message">Connection can be kept alive indefinitely</td>
</tr>

<tr>
<td>267</td>
<td title="main thread">main</td>
<td title="Level"><font color="#339933">DEBUG</font></td>
<td title="org.apache.http.wire category">org.apache.http.wire</td>
<td title="Message"> &lt;&lt; &quot;71[\r][\n]&quot;</td>
</tr>

<tr>
<td>267</td>
<td title="main thread">main</td>
<td title="Level"><font color="#339933">DEBUG</font></td>
<td title="org.apache.http.wire category">org.apache.http.wire</td>
<td title="Message"> &lt;&lt; &quot;{&quot;message&quot;:&quot;success&quot;,&quot;email_id_list&quot;:[&quot;1476799933272_57486_23961_3531.sc-10_9_13_213-inbound0$466400960@qq.com&quot;]}&quot;</td>
</tr>

<tr>
<td>268</td>
<td title="main thread">main</td>
<td title="Level"><font color="#339933">DEBUG</font></td>
<td title="org.apache.http.wire category">org.apache.http.wire</td>
<td title="Message"> &lt;&lt; &quot;[\r][\n]&quot;</td>
</tr>

<tr>
<td>268</td>
<td title="main thread">main</td>
<td title="Level"><font color="#339933">DEBUG</font></td>
<td title="org.apache.http.wire category">org.apache.http.wire</td>
<td title="Message"> &lt;&lt; &quot;0[\r][\n]&quot;</td>
</tr>

<tr>
<td>268</td>
<td title="main thread">main</td>
<td title="Level"><font color="#339933">DEBUG</font></td>
<td title="org.apache.http.wire category">org.apache.http.wire</td>
<td title="Message"> &lt;&lt; &quot;[\r][\n]&quot;</td>
</tr>

<tr>
<td>268</td>
<td title="main thread">main</td>
<td title="Level"><font color="#339933">DEBUG</font></td>
<td title="org.apache.http.impl.conn.BasicClientConnectionManager category">org.apache.http.impl.conn.BasicClientConnectionManager</td>
<td title="Message">Releasing connection org.apache.http.impl.conn.ManagedClientConnectionImpl@52a86356</td>
</tr>

<tr>
<td>269</td>
<td title="main thread">main</td>
<td title="Level"><font color="#339933">DEBUG</font></td>
<td title="org.apache.http.impl.conn.BasicClientConnectionManager category">org.apache.http.impl.conn.BasicClientConnectionManager</td>
<td title="Message">Connection can be kept alive indefinitely</td>
</tr>
<!DOCTYPE HTML PUBLIC "-//W3C//DTD HTML 4.01 Transitional//EN" "http://www.w3.org/TR/html4/loose.dtd">
<html>
<head>
<title>Log4J Log Messages</title>
<style type="text/css">
<!--
body, table {font-family: arial,sans-serif; font-size: x-small;}
th {background: #336699; color: #FFFFFF; text-align: left;}
-->
</style>
</head>
<body bgcolor="#FFFFFF" topmargin="6" leftmargin="6">
<hr size="1" noshade>
Log session start time Wed Oct 19 09:04:58 CST 2016<br>
<br>
<table cellspacing="0" cellpadding="4" border="1" bordercolor="#224466" width="100%">
<tr>
<th>Time</th>
<th>Thread</th>
<th>Level</th>
<th>Category</th>
<th>Message</th>
</tr>
