[framework] 2016-10-19 21:36:20,207 - org.springframework.test.context.support.DefaultTestContextBootstrapper -105  [main] INFO  org.springframework.test.context.support.DefaultTestContextBootstrapper  - Loaded default TestExecutionListener class names from location [META-INF/spring.factories]: [org.springframework.test.context.web.ServletTestExecutionListener, org.springframework.test.context.support.DependencyInjectionTestExecutionListener, org.springframework.test.context.support.DirtiesContextTestExecutionListener, org.springframework.test.context.transaction.TransactionalTestExecutionListener, org.springframework.test.context.jdbc.SqlScriptsTestExecutionListener]
 [framework] 2016-10-19 21:36:20,225 - org.springframework.test.context.support.DefaultTestContextBootstrapper -123  [main] INFO  org.springframework.test.context.support.DefaultTestContextBootstrapper  - Using TestExecutionListeners: [org.springframework.test.context.web.ServletTestExecutionListener@6a2bcfcb, org.springframework.test.context.support.DependencyInjectionTestExecutionListener@4de8b406, org.springframework.test.context.support.DirtiesContextTestExecutionListener@3c756e4d, org.springframework.test.context.transaction.TransactionalTestExecutionListener@7c0e2abd, org.springframework.test.context.jdbc.SqlScriptsTestExecutionListener@48eff760]
 [framework] 2016-10-19 21:36:20,340 - org.springframework.beans.factory.xml.XmlBeanDefinitionReader -238  [main] INFO  org.springframework.beans.factory.xml.XmlBeanDefinitionReader  - Loading XML bean definitions from class path resource [spring/spring-dao.xml]
 [framework] 2016-10-19 21:36:20,686 - org.springframework.context.support.GenericApplicationContext -584  [main] INFO  org.springframework.context.support.GenericApplicationContext  - Refreshing org.springframework.context.support.GenericApplicationContext@6093dd95: startup date [Wed Oct 19 21:36:20 CST 2016]; root of context hierarchy
 [framework] 2016-10-19 21:36:20,830 - org.springframework.beans.factory.config.PropertyPlaceholderConfigurer -728  [main] INFO  org.springframework.beans.factory.config.PropertyPlaceholderConfigurer  - Loading properties file from class path resource [jdbc.properties]
 [framework] 2016-10-19 21:36:20,922 - com.mchange.v2.log.MLog -820  [main] INFO  com.mchange.v2.log.MLog  - MLog clients using log4j logging.
 [framework] 2016-10-19 21:36:21,246 - com.mchange.v2.c3p0.C3P0Registry -1144 [main] INFO  com.mchange.v2.c3p0.C3P0Registry  - Initializing c3p0-0.9.1.2 [built 21-May-2007 15:04:56; debug? true; trace: 10]
 [framework] 2016-10-19 21:36:21,834 - com.mchange.v2.c3p0.impl.AbstractPoolBackedDataSource -1732 [main] INFO  com.mchange.v2.c3p0.impl.AbstractPoolBackedDataSource  - Initializing c3p0 pool... com.mchange.v2.c3p0.ComboPooledDataSource [ acquireIncrement -> 3, acquireRetryAttempts -> 2, acquireRetryDelay -> 1000, autoCommitOnClose -> false, automaticTestTable -> null, breakAfterAcquireFailure -> false, checkoutTimeout -> 1000, connectionCustomizerClassName -> null, connectionTesterClassName -> com.mchange.v2.c3p0.impl.DefaultConnectionTester, dataSourceName -> 1hge1hl9j1pd2prh1r03duz|5a63f509, debugUnreturnedConnectionStackTraces -> false, description -> null, driverClass -> com.mysql.jdbc.Driver, factoryClassLocation -> null, forceIgnoreUnresolvedTransactions -> false, identityToken -> 1hge1hl9j1pd2prh1r03duz|5a63f509, idleConnectionTestPeriod -> 0, initialPoolSize -> 3, jdbcUrl -> jdbc:mysql://127.0.0.1:3306/blog?useUnicode=true&characterEncoding=utf8, maxAdministrativeTaskTime -> 0, maxConnectionAge -> 0, maxIdleTime -> 0, maxIdleTimeExcessConnections -> 0, maxPoolSize -> 30, maxStatements -> 0, maxStatementsPerConnection -> 0, minPoolSize -> 10, numHelperThreads -> 3, numThreadsAwaitingCheckoutDefaultUser -> 0, preferredTestQuery -> null, properties -> {user=******, password=******}, propertyCycle -> 0, testConnectionOnCheckin -> false, testConnectionOnCheckout -> false, unreturnedConnectionTimeout -> 0, usesTraditionalReflectiveProxies -> false ]
 [framework] 2016-10-19 21:36:22,234 - org.springframework.context.support.GenericApplicationContext -2132 [Thread-1] INFO  org.springframework.context.support.GenericApplicationContext  - Closing org.springframework.context.support.GenericApplicationContext@6093dd95: startup date [Wed Oct 19 21:36:20 CST 2016]; root of context hierarchy
 [framework] 2016-10-19 21:37:00,349 - org.springframework.test.context.support.DefaultTestContextBootstrapper -127  [main] INFO  org.springframework.test.context.support.DefaultTestContextBootstrapper  - Loaded default TestExecutionListener class names from location [META-INF/spring.factories]: [org.springframework.test.context.web.ServletTestExecutionListener, org.springframework.test.context.support.DependencyInjectionTestExecutionListener, org.springframework.test.context.support.DirtiesContextTestExecutionListener, org.springframework.test.context.transaction.TransactionalTestExecutionListener, org.springframework.test.context.jdbc.SqlScriptsTestExecutionListener]
 [framework] 2016-10-19 21:37:00,380 - org.springframework.test.context.support.DefaultTestContextBootstrapper -158  [main] INFO  org.springframework.test.context.support.DefaultTestContextBootstrapper  - Using TestExecutionListeners: [org.springframework.test.context.web.ServletTestExecutionListener@6a2bcfcb, org.springframework.test.context.support.DependencyInjectionTestExecutionListener@4de8b406, org.springframework.test.context.support.DirtiesContextTestExecutionListener@3c756e4d, org.springframework.test.context.transaction.TransactionalTestExecutionListener@7c0e2abd, org.springframework.test.context.jdbc.SqlScriptsTestExecutionListener@48eff760]
 [framework] 2016-10-19 21:37:00,515 - org.springframework.beans.factory.xml.XmlBeanDefinitionReader -293  [main] INFO  org.springframework.beans.factory.xml.XmlBeanDefinitionReader  - Loading XML bean definitions from class path resource [spring/spring-dao.xml]
 [framework] 2016-10-19 21:37:00,658 - org.springframework.context.support.GenericApplicationContext -436  [main] INFO  org.springframework.context.support.GenericApplicationContext  - Refreshing org.springframework.context.support.GenericApplicationContext@6093dd95: startup date [Wed Oct 19 21:37:00 CST 2016]; root of context hierarchy
 [framework] 2016-10-19 21:37:00,885 - org.springframework.beans.factory.config.PropertyPlaceholderConfigurer -663  [main] INFO  org.springframework.beans.factory.config.PropertyPlaceholderConfigurer  - Loading properties file from class path resource [jdbc.properties]
 [framework] 2016-10-19 21:37:00,961 - com.mchange.v2.log.MLog -739  [main] INFO  com.mchange.v2.log.MLog  - MLog clients using log4j logging.
 [framework] 2016-10-19 21:37:01,250 - com.mchange.v2.c3p0.C3P0Registry -1028 [main] INFO  com.mchange.v2.c3p0.C3P0Registry  - Initializing c3p0-0.9.1.2 [built 21-May-2007 15:04:56; debug? true; trace: 10]
 [framework] 2016-10-19 21:37:02,189 - com.mchange.v2.c3p0.impl.AbstractPoolBackedDataSource -1967 [main] INFO  com.mchange.v2.c3p0.impl.AbstractPoolBackedDataSource  - Initializing c3p0 pool... com.mchange.v2.c3p0.ComboPooledDataSource [ acquireIncrement -> 3, acquireRetryAttempts -> 2, acquireRetryDelay -> 1000, autoCommitOnClose -> false, automaticTestTable -> null, breakAfterAcquireFailure -> false, checkoutTimeout -> 1000, connectionCustomizerClassName -> null, connectionTesterClassName -> com.mchange.v2.c3p0.impl.DefaultConnectionTester, dataSourceName -> 1hge1hl9j1pd3ko2ty9axd|5a63f509, debugUnreturnedConnectionStackTraces -> false, description -> null, driverClass -> com.mysql.jdbc.Driver, factoryClassLocation -> null, forceIgnoreUnresolvedTransactions -> false, identityToken -> 1hge1hl9j1pd3ko2ty9axd|5a63f509, idleConnectionTestPeriod -> 0, initialPoolSize -> 3, jdbcUrl -> jdbc:mysql://127.0.0.1:3306/blog?useUnicode=true&characterEncoding=utf8, maxAdministrativeTaskTime -> 0, maxConnectionAge -> 0, maxIdleTime -> 0, maxIdleTimeExcessConnections -> 0, maxPoolSize -> 30, maxStatements -> 0, maxStatementsPerConnection -> 0, minPoolSize -> 10, numHelperThreads -> 3, numThreadsAwaitingCheckoutDefaultUser -> 0, preferredTestQuery -> null, properties -> {user=******, password=******}, propertyCycle -> 0, testConnectionOnCheckin -> false, testConnectionOnCheckout -> false, unreturnedConnectionTimeout -> 0, usesTraditionalReflectiveProxies -> false ]
 [framework] 2016-10-19 21:37:02,511 - org.springframework.context.support.GenericApplicationContext -2289 [Thread-1] INFO  org.springframework.context.support.GenericApplicationContext  - Closing org.springframework.context.support.GenericApplicationContext@6093dd95: startup date [Wed Oct 19 21:37:00 CST 2016]; root of context hierarchy
 [framework] 2016-10-19 23:26:57,936 - org.springframework.test.context.support.DefaultTestContextBootstrapper -102  [main] INFO  org.springframework.test.context.support.DefaultTestContextBootstrapper  - Loaded default TestExecutionListener class names from location [META-INF/spring.factories]: [org.springframework.test.context.web.ServletTestExecutionListener, org.springframework.test.context.support.DependencyInjectionTestExecutionListener, org.springframework.test.context.support.DirtiesContextTestExecutionListener, org.springframework.test.context.transaction.TransactionalTestExecutionListener, org.springframework.test.context.jdbc.SqlScriptsTestExecutionListener]
 [framework] 2016-10-19 23:26:57,957 - org.springframework.test.context.support.DefaultTestContextBootstrapper -123  [main] INFO  org.springframework.test.context.support.DefaultTestContextBootstrapper  - Using TestExecutionListeners: [org.springframework.test.context.web.ServletTestExecutionListener@5dfcfece, org.springframework.test.context.support.DependencyInjectionTestExecutionListener@23ceabc1, org.springframework.test.context.support.DirtiesContextTestExecutionListener@5d5eef3d, org.springframework.test.context.transaction.TransactionalTestExecutionListener@56f4468b, org.springframework.test.context.jdbc.SqlScriptsTestExecutionListener@6cc4c815]
 [framework] 2016-10-19 23:26:58,091 - org.springframework.beans.factory.xml.XmlBeanDefinitionReader -257  [main] INFO  org.springframework.beans.factory.xml.XmlBeanDefinitionReader  - Loading XML bean definitions from class path resource [spring/spring-dao.xml]
 [framework] 2016-10-19 23:26:58,227 - org.springframework.beans.factory.xml.XmlBeanDefinitionReader -393  [main] INFO  org.springframework.beans.factory.xml.XmlBeanDefinitionReader  - Loading XML bean definitions from class path resource [spring/spring-service.xml]
 [framework] 2016-10-19 23:26:58,478 - org.springframework.context.support.GenericApplicationContext -644  [main] INFO  org.springframework.context.support.GenericApplicationContext  - Refreshing org.springframework.context.support.GenericApplicationContext@1ce92674: startup date [Wed Oct 19 23:26:58 CST 2016]; root of context hierarchy
 [framework] 2016-10-19 23:26:58,693 - org.springframework.beans.factory.config.PropertyPlaceholderConfigurer -859  [main] INFO  org.springframework.beans.factory.config.PropertyPlaceholderConfigurer  - Loading properties file from class path resource [jdbc.properties]
 [framework] 2016-10-19 23:26:58,859 - com.mchange.v2.log.MLog -1025 [main] INFO  com.mchange.v2.log.MLog  - MLog clients using log4j logging.
 [framework] 2016-10-19 23:26:59,106 - com.mchange.v2.c3p0.C3P0Registry -1272 [main] INFO  com.mchange.v2.c3p0.C3P0Registry  - Initializing c3p0-0.9.1.2 [built 21-May-2007 15:04:56; debug? true; trace: 10]
 [framework] 2016-10-19 23:26:59,450 - org.springframework.test.context.TestContextManager -1616 [main] ERROR org.springframework.test.context.TestContextManager  - Caught exception while allowing TestExecutionListener [org.springframework.test.context.support.DependencyInjectionTestExecutionListener@23ceabc1] to prepare test instance [com.qg.blog.service.UserServiceTest@3bfdc050]
 org.springframework.beans.factory.BeanCreationException: Error creating bean with name 'com.qg.blog.service.UserServiceTest': Injection of autowired dependencies failed; nested exception is org.springframework.beans.factory.BeanCreationException: Could not autowire field: private com.qg.blog.service.UserService com.qg.blog.service.UserServiceTest.userService; nested exception is org.springframework.beans.factory.NoSuchBeanDefinitionException: No qualifying bean of type [com.qg.blog.service.UserService] found for dependency: expected at least 1 bean which qualifies as autowire candidate for this dependency. Dependency annotations: {@org.springframework.beans.factory.annotation.Autowired(required=true)}
	at org.springframework.beans.factory.annotation.AutowiredAnnotationBeanPostProcessor.postProcessPropertyValues(AutowiredAnnotationBeanPostProcessor.java:334)
	at org.springframework.beans.factory.support.AbstractAutowireCapableBeanFactory.populateBean(AbstractAutowireCapableBeanFactory.java:1210)
	at org.springframework.beans.factory.support.AbstractAutowireCapableBeanFactory.autowireBeanProperties(AbstractAutowireCapableBeanFactory.java:385)
	at org.springframework.test.context.support.DependencyInjectionTestExecutionListener.injectDependencies(DependencyInjectionTestExecutionListener.java:118)
	at org.springframework.test.context.support.DependencyInjectionTestExecutionListener.prepareTestInstance(DependencyInjectionTestExecutionListener.java:83)
	at org.springframework.test.context.TestContextManager.prepareTestInstance(TestContextManager.java:212)
	at org.springframework.test.context.junit4.SpringJUnit4ClassRunner.createTest(SpringJUnit4ClassRunner.java:200)
	at org.springframework.test.context.junit4.SpringJUnit4ClassRunner$1.runReflectiveCall(SpringJUnit4ClassRunner.java:259)
	at org.junit.internal.runners.model.ReflectiveCallable.run(ReflectiveCallable.java:12)
	at org.springframework.test.context.junit4.SpringJUnit4ClassRunner.methodBlock(SpringJUnit4ClassRunner.java:261)
	at org.springframework.test.context.junit4.SpringJUnit4ClassRunner.runChild(SpringJUnit4ClassRunner.java:219)
	at org.springframework.test.context.junit4.SpringJUnit4ClassRunner.runChild(SpringJUnit4ClassRunner.java:83)
	at org.junit.runners.ParentRunner$3.run(ParentRunner.java:238)
	at org.junit.runners.ParentRunner$1.schedule(ParentRunner.java:63)
	at org.junit.runners.ParentRunner.runChildren(ParentRunner.java:236)
	at org.junit.runners.ParentRunner.access$000(ParentRunner.java:53)
	at org.junit.runners.ParentRunner$2.evaluate(ParentRunner.java:229)
	at org.springframework.test.context.junit4.statements.RunBeforeTestClassCallbacks.evaluate(RunBeforeTestClassCallbacks.java:61)
	at org.springframework.test.context.junit4.statements.RunAfterTestClassCallbacks.evaluate(RunAfterTestClassCallbacks.java:68)
	at org.junit.runners.ParentRunner.run(ParentRunner.java:309)
	at org.springframework.test.context.junit4.SpringJUnit4ClassRunner.run(SpringJUnit4ClassRunner.java:163)
	at org.junit.runner.JUnitCore.run(JUnitCore.java:160)
	at com.intellij.junit4.JUnit4IdeaTestRunner.startRunnerWithArgs(JUnit4IdeaTestRunner.java:117)
	at com.intellij.junit4.JUnit4IdeaTestRunner.startRunnerWithArgs(JUnit4IdeaTestRunner.java:42)
	at com.intellij.rt.execution.junit.JUnitStarter.prepareStreamsAndStart(JUnitStarter.java:253)
	at com.intellij.rt.execution.junit.JUnitStarter.main(JUnitStarter.java:84)
	at sun.reflect.NativeMethodAccessorImpl.invoke0(Native Method)
	at sun.reflect.NativeMethodAccessorImpl.invoke(NativeMethodAccessorImpl.java:62)
	at sun.reflect.DelegatingMethodAccessorImpl.invoke(DelegatingMethodAccessorImpl.java:43)
	at java.lang.reflect.Method.invoke(Method.java:498)
	at com.intellij.rt.execution.application.AppMain.main(AppMain.java:147)
Caused by: org.springframework.beans.factory.BeanCreationException: Could not autowire field: private com.qg.blog.service.UserService com.qg.blog.service.UserServiceTest.userService; nested exception is org.springframework.beans.factory.NoSuchBeanDefinitionException: No qualifying bean of type [com.qg.blog.service.UserService] found for dependency: expected at least 1 bean which qualifies as autowire candidate for this dependency. Dependency annotations: {@org.springframework.beans.factory.annotation.Autowired(required=true)}
	at org.springframework.beans.factory.annotation.AutowiredAnnotationBeanPostProcessor$AutowiredFieldElement.inject(AutowiredAnnotationBeanPostProcessor.java:561)
	at org.springframework.beans.factory.annotation.InjectionMetadata.inject(InjectionMetadata.java:88)
	at org.springframework.beans.factory.annotation.AutowiredAnnotationBeanPostProcessor.postProcessPropertyValues(AutowiredAnnotationBeanPostProcessor.java:331)
	... 30 more
Caused by: org.springframework.beans.factory.NoSuchBeanDefinitionException: No qualifying bean of type [com.qg.blog.service.UserService] found for dependency: expected at least 1 bean which qualifies as autowire candidate for this dependency. Dependency annotations: {@org.springframework.beans.factory.annotation.Autowired(required=true)}
	at org.springframework.beans.factory.support.DefaultListableBeanFactory.raiseNoSuchBeanDefinitionException(DefaultListableBeanFactory.java:1301)
	at org.springframework.beans.factory.support.DefaultListableBeanFactory.doResolveDependency(DefaultListableBeanFactory.java:1047)
	at org.springframework.beans.factory.support.DefaultListableBeanFactory.resolveDependency(DefaultListableBeanFactory.java:942)
	at org.springframework.beans.factory.annotation.AutowiredAnnotationBeanPostProcessor$AutowiredFieldElement.inject(AutowiredAnnotationBeanPostProcessor.java:533)
	... 32 more
[framework] 2016-10-19 23:26:59,477 - org.springframework.context.support.GenericApplicationContext -1643 [Thread-1] INFO  org.springframework.context.support.GenericApplicationContext  - Closing org.springframework.context.support.GenericApplicationContext@1ce92674: startup date [Wed Oct 19 23:26:58 CST 2016]; root of context hierarchy
 [framework] 2016-10-19 23:28:21,933 - org.springframework.test.context.support.DefaultTestContextBootstrapper -114  [main] INFO  org.springframework.test.context.support.DefaultTestContextBootstrapper  - Loaded default TestExecutionListener class names from location [META-INF/spring.factories]: [org.springframework.test.context.web.ServletTestExecutionListener, org.springframework.test.context.support.DependencyInjectionTestExecutionListener, org.springframework.test.context.support.DirtiesContextTestExecutionListener, org.springframework.test.context.transaction.TransactionalTestExecutionListener, org.springframework.test.context.jdbc.SqlScriptsTestExecutionListener]
 [framework] 2016-10-19 23:28:21,952 - org.springframework.test.context.support.DefaultTestContextBootstrapper -133  [main] INFO  org.springframework.test.context.support.DefaultTestContextBootstrapper  - Using TestExecutionListeners: [org.springframework.test.context.web.ServletTestExecutionListener@5dfcfece, org.springframework.test.context.support.DependencyInjectionTestExecutionListener@23ceabc1, org.springframework.test.context.support.DirtiesContextTestExecutionListener@5d5eef3d, org.springframework.test.context.transaction.TransactionalTestExecutionListener@56f4468b, org.springframework.test.context.jdbc.SqlScriptsTestExecutionListener@6cc4c815]
 [framework] 2016-10-19 23:28:22,083 - org.springframework.beans.factory.xml.XmlBeanDefinitionReader -264  [main] INFO  org.springframework.beans.factory.xml.XmlBeanDefinitionReader  - Loading XML bean definitions from class path resource [spring/spring-dao.xml]
 [framework] 2016-10-19 23:28:22,204 - org.springframework.beans.factory.xml.XmlBeanDefinitionReader -385  [main] INFO  org.springframework.beans.factory.xml.XmlBeanDefinitionReader  - Loading XML bean definitions from class path resource [spring/spring-service.xml]
 [framework] 2016-10-19 23:28:22,447 - org.springframework.context.support.GenericApplicationContext -628  [main] INFO  org.springframework.context.support.GenericApplicationContext  - Refreshing org.springframework.context.support.GenericApplicationContext@1ce92674: startup date [Wed Oct 19 23:28:22 CST 2016]; root of context hierarchy
 [framework] 2016-10-19 23:28:22,735 - org.springframework.beans.factory.config.PropertyPlaceholderConfigurer -916  [main] INFO  org.springframework.beans.factory.config.PropertyPlaceholderConfigurer  - Loading properties file from class path resource [jdbc.properties]
 [framework] 2016-10-19 23:28:22,863 - com.mchange.v2.log.MLog -1044 [main] INFO  com.mchange.v2.log.MLog  - MLog clients using log4j logging.
 [framework] 2016-10-19 23:28:23,142 - com.mchange.v2.c3p0.C3P0Registry -1323 [main] INFO  com.mchange.v2.c3p0.C3P0Registry  - Initializing c3p0-0.9.1.2 [built 21-May-2007 15:04:56; debug? true; trace: 10]
 [framework] 2016-10-19 23:28:24,004 - org.springframework.context.support.GenericApplicationContext -2185 [Thread-1] INFO  org.springframework.context.support.GenericApplicationContext  - Closing org.springframework.context.support.GenericApplicationContext@1ce92674: startup date [Wed Oct 19 23:28:22 CST 2016]; root of context hierarchy
 [framework] 2016-10-19 23:31:01,899 - org.springframework.test.context.support.DefaultTestContextBootstrapper -107  [main] INFO  org.springframework.test.context.support.DefaultTestContextBootstrapper  - Loaded default TestExecutionListener class names from location [META-INF/spring.factories]: [org.springframework.test.context.web.ServletTestExecutionListener, org.springframework.test.context.support.DependencyInjectionTestExecutionListener, org.springframework.test.context.support.DirtiesContextTestExecutionListener, org.springframework.test.context.transaction.TransactionalTestExecutionListener, org.springframework.test.context.jdbc.SqlScriptsTestExecutionListener]
 [framework] 2016-10-19 23:31:01,917 - org.springframework.test.context.support.DefaultTestContextBootstrapper -125  [main] INFO  org.springframework.test.context.support.DefaultTestContextBootstrapper  - Using TestExecutionListeners: [org.springframework.test.context.web.ServletTestExecutionListener@5dfcfece, org.springframework.test.context.support.DependencyInjectionTestExecutionListener@23ceabc1, org.springframework.test.context.support.DirtiesContextTestExecutionListener@5d5eef3d, org.springframework.test.context.transaction.TransactionalTestExecutionListener@56f4468b, org.springframework.test.context.jdbc.SqlScriptsTestExecutionListener@6cc4c815]
 [framework] 2016-10-19 23:31:02,045 - org.springframework.beans.factory.xml.XmlBeanDefinitionReader -253  [main] INFO  org.springframework.beans.factory.xml.XmlBeanDefinitionReader  - Loading XML bean definitions from class path resource [spring/spring-dao.xml]
 [framework] 2016-10-19 23:31:02,166 - org.springframework.beans.factory.xml.XmlBeanDefinitionReader -374  [main] INFO  org.springframework.beans.factory.xml.XmlBeanDefinitionReader  - Loading XML bean definitions from class path resource [spring/spring-service.xml]
 [framework] 2016-10-19 23:31:02,389 - org.springframework.context.support.GenericApplicationContext -597  [main] INFO  org.springframework.context.support.GenericApplicationContext  - Refreshing org.springframework.context.support.GenericApplicationContext@1ce92674: startup date [Wed Oct 19 23:31:02 CST 2016]; root of context hierarchy
 [framework] 2016-10-19 23:31:02,750 - org.springframework.beans.factory.config.PropertyPlaceholderConfigurer -958  [main] INFO  org.springframework.beans.factory.config.PropertyPlaceholderConfigurer  - Loading properties file from class path resource [jdbc.properties]
 [framework] 2016-10-19 23:31:02,901 - com.mchange.v2.log.MLog -1109 [main] INFO  com.mchange.v2.log.MLog  - MLog clients using log4j logging.
 [framework] 2016-10-19 23:31:03,206 - com.mchange.v2.c3p0.C3P0Registry -1414 [main] INFO  com.mchange.v2.c3p0.C3P0Registry  - Initializing c3p0-0.9.1.2 [built 21-May-2007 15:04:56; debug? true; trace: 10]
 [framework] 2016-10-19 23:31:04,076 - org.springframework.context.support.GenericApplicationContext -2284 [Thread-1] INFO  org.springframework.context.support.GenericApplicationContext  - Closing org.springframework.context.support.GenericApplicationContext@1ce92674: startup date [Wed Oct 19 23:31:02 CST 2016]; root of context hierarchy
 [framework] 2016-10-19 23:31:46,363 - org.springframework.test.context.support.DefaultTestContextBootstrapper -155  [main] INFO  org.springframework.test.context.support.DefaultTestContextBootstrapper  - Loaded default TestExecutionListener class names from location [META-INF/spring.factories]: [org.springframework.test.context.web.ServletTestExecutionListener, org.springframework.test.context.support.DependencyInjectionTestExecutionListener, org.springframework.test.context.support.DirtiesContextTestExecutionListener, org.springframework.test.context.transaction.TransactionalTestExecutionListener, org.springframework.test.context.jdbc.SqlScriptsTestExecutionListener]
 [framework] 2016-10-19 23:31:46,387 - org.springframework.test.context.support.DefaultTestContextBootstrapper -179  [main] INFO  org.springframework.test.context.support.DefaultTestContextBootstrapper  - Using TestExecutionListeners: [org.springframework.test.context.web.ServletTestExecutionListener@6d8a00e3, org.springframework.test.context.support.DependencyInjectionTestExecutionListener@548b7f67, org.springframework.test.context.support.DirtiesContextTestExecutionListener@7ac7a4e4, org.springframework.test.context.transaction.TransactionalTestExecutionListener@6d78f375, org.springframework.test.context.jdbc.SqlScriptsTestExecutionListener@50c87b21]
 [framework] 2016-10-19 23:31:46,517 - org.springframework.beans.factory.xml.XmlBeanDefinitionReader -309  [main] INFO  org.springframework.beans.factory.xml.XmlBeanDefinitionReader  - Loading XML bean definitions from class path resource [spring/spring-dao.xml]
 [framework] 2016-10-19 23:31:46,654 - org.springframework.beans.factory.xml.XmlBeanDefinitionReader -446  [main] INFO  org.springframework.beans.factory.xml.XmlBeanDefinitionReader  - Loading XML bean definitions from class path resource [spring/spring-service.xml]
 [framework] 2016-10-19 23:31:46,876 - org.springframework.context.support.GenericApplicationContext -668  [main] INFO  org.springframework.context.support.GenericApplicationContext  - Refreshing org.springframework.context.support.GenericApplicationContext@589838eb: startup date [Wed Oct 19 23:31:46 CST 2016]; root of context hierarchy
 [framework] 2016-10-19 23:31:47,129 - org.springframework.beans.factory.config.PropertyPlaceholderConfigurer -921  [main] INFO  org.springframework.beans.factory.config.PropertyPlaceholderConfigurer  - Loading properties file from class path resource [jdbc.properties]
 [framework] 2016-10-19 23:31:47,279 - com.mchange.v2.log.MLog -1071 [main] INFO  com.mchange.v2.log.MLog  - MLog clients using log4j logging.
 [framework] 2016-10-19 23:31:47,510 - com.mchange.v2.c3p0.C3P0Registry -1302 [main] INFO  com.mchange.v2.c3p0.C3P0Registry  - Initializing c3p0-0.9.1.2 [built 21-May-2007 15:04:56; debug? true; trace: 10]
 [framework] 2016-10-19 23:31:48,607 - org.springframework.context.support.GenericApplicationContext -2399 [Thread-1] INFO  org.springframework.context.support.GenericApplicationContext  - Closing org.springframework.context.support.GenericApplicationContext@589838eb: startup date [Wed Oct 19 23:31:46 CST 2016]; root of context hierarchy
 